<?xml version="1.0" encoding="UTF-8"?>
<!-- Generated by org.testng.reporters.JUnitXMLReporter -->
<testsuite ignored="0" hostname="Mohits-MacBook-Pro.local" failures="0" tests="10" name="slackChannelTest" time="11.544" errors="0" timestamp="12 Apr 2020 17:09:19 GMT">
  <testcase classname="test.SlackChannelTest" name="createSlackChannelTest" time="3.274"/>
  <testcase classname="test.SlackChannelTest" name="createSlackChannelTest" time="1.149"/>
  <testcase classname="test.SlackChannelTest" name="createSlackChannelTest" time="0.558"/>
  <testcase classname="test.SlackChannelTest" name="createSlackChannelTest" time="0.64"/>
  <testcase classname="test.SlackChannelTest" name="leaveSlackChannelTest" time="0.613"/>
  <testcase classname="test.SlackChannelTest" name="joinSlackChannelTest" time="1.634"/>
  <testcase classname="test.SlackChannelTest" name="renameSlackChannelTest" time="0.62"/>
  <testcase classname="test.SlackChannelTest" name="archiveSlackChannelTest" time="0.623"/>
  <testcase classname="test.SlackChannelTest" name="archiveSlackChannelValidationTest" time="0.586"/>
  <testcase classname="test.SlackChannelTest" name="listOfSlackChannelsAndValidateRenamedSlackChannelTest" time="0.627"/>
</testsuite> <!-- slackChannelTest -->
