<?xml version="1.0" encoding="UTF-8"?>
<testsuite xmlns:xsi="http://www.w3.org/2001/XMLSchema-instance" xsi:noNamespaceSchemaLocation="https://maven.apache.org/surefire/maven-surefire-plugin/xsd/surefire-test-report.xsd" name="TestSuite" time="17.79" tests="10" errors="0" skipped="0" failures="0">
  <properties>
[...]
</properties>
  <testcase name="createSlackChannelTest" classname="test.SlackChannelTest" time="3.275"/>
  <testcase name="createSlackChannelTest" classname="test.SlackChannelTest" time="1.157"/>
  <testcase name="createSlackChannelTest" classname="test.SlackChannelTest" time="0.55"/>
  <testcase name="createSlackChannelTest" classname="test.SlackChannelTest" time="0.637"/>
  <testcase name="leaveSlackChannelTest" classname="test.SlackChannelTest" time="0.622"/>
  <testcase name="joinSlackChannelTest" classname="test.SlackChannelTest" time="1.627"/>
  <testcase name="renameSlackChannelTest" classname="test.SlackChannelTest" time="0.624"/>
  <testcase name="archiveSlackChannelTest" classname="test.SlackChannelTest" time="0.615"/>
  <testcase name="archiveSlackChannelValidationTest" classname="test.SlackChannelTest" time="0.586"/>
  <testcase name="listOfSlackChannelsAndValidateRenamedSlackChannelTest" classname="test.SlackChannelTest" time="0.633"/>
</testsuite>