<?xml version="1.0" encoding="UTF-8"?>
<testng-results ignored="0" total="10" passed="10" failed="0" skipped="0">
  <reporter-output>
  </reporter-output>
  <suite started-at="2020-04-12T17:09:02Z" name="slack Test Suite" finished-at="2020-04-12T17:09:14Z" duration-ms="11544">
    <groups>
    </groups>
    <test started-at="2020-04-12T17:09:02Z" name="slackChannelTest" finished-at="2020-04-12T17:09:14Z" duration-ms="11544">
      <class name="test.SlackChannelTest">
        <test-method is-config="true" signature="setUp()[pri:0, instance:test.SlackChannelTest@290d210d]" started-at="2020-04-12T17:09:02Z" name="setUp" finished-at="2020-04-12T17:09:03Z" duration-ms="1110" status="PASS">
          <reporter-output>
          </reporter-output>
        </test-method> <!-- setUp -->
        <test-method signature="createSlackChannelTest(pojos.testdataPojo.ChannelDetails, java.lang.reflect.Method)[pri:0, instance:test.SlackChannelTest@290d210d]" started-at="2020-04-12T17:09:03Z" name="createSlackChannelTest" data-provider="ChannelTestData" finished-at="2020-04-12T17:09:07Z" duration-ms="3274" status="PASS">
          <params>
            <param index="0">
              <value>
                <![CDATA[pojos.testdataPojo.ChannelDetails@65bad087]]>
              </value>
            </param>
            <param index="1">
              <value>
                <![CDATA[public void test.SlackChannelTest.createSlackChannelTest(pojos.testdataPojo.ChannelDetails,java.lang.reflect.Method)]]>
              </value>
            </param>
          </params>
          <reporter-output>
          </reporter-output>
        </test-method> <!-- createSlackChannelTest -->
        <test-method signature="createSlackChannelTest(pojos.testdataPojo.ChannelDetails, java.lang.reflect.Method)[pri:0, instance:test.SlackChannelTest@290d210d]" started-at="2020-04-12T17:09:07Z" name="createSlackChannelTest" data-provider="ChannelTestData" finished-at="2020-04-12T17:09:08Z" duration-ms="1149" status="PASS">
          <params>
            <param index="0">
              <value>
                <![CDATA[pojos.testdataPojo.ChannelDetails@66cd621b]]>
              </value>
            </param>
            <param index="1">
              <value>
                <![CDATA[public void test.SlackChannelTest.createSlackChannelTest(pojos.testdataPojo.ChannelDetails,java.lang.reflect.Method)]]>
              </value>
            </param>
          </params>
          <reporter-output>
          </reporter-output>
        </test-method> <!-- createSlackChannelTest -->
        <test-method signature="createSlackChannelTest(pojos.testdataPojo.ChannelDetails, java.lang.reflect.Method)[pri:0, instance:test.SlackChannelTest@290d210d]" started-at="2020-04-12T17:09:08Z" name="createSlackChannelTest" data-provider="ChannelTestData" finished-at="2020-04-12T17:09:08Z" duration-ms="558" status="PASS">
          <params>
            <param index="0">
              <value>
                <![CDATA[pojos.testdataPojo.ChannelDetails@d3f4505]]>
              </value>
            </param>
            <param index="1">
              <value>
                <![CDATA[public void test.SlackChannelTest.createSlackChannelTest(pojos.testdataPojo.ChannelDetails,java.lang.reflect.Method)]]>
              </value>
            </param>
          </params>
          <reporter-output>
          </reporter-output>
        </test-method> <!-- createSlackChannelTest -->
        <test-method signature="createSlackChannelTest(pojos.testdataPojo.ChannelDetails, java.lang.reflect.Method)[pri:0, instance:test.SlackChannelTest@290d210d]" started-at="2020-04-12T17:09:08Z" name="createSlackChannelTest" data-provider="ChannelTestData" finished-at="2020-04-12T17:09:09Z" duration-ms="640" status="PASS">
          <params>
            <param index="0">
              <value>
                <![CDATA[pojos.testdataPojo.ChannelDetails@3eb292cd]]>
              </value>
            </param>
            <param index="1">
              <value>
                <![CDATA[public void test.SlackChannelTest.createSlackChannelTest(pojos.testdataPojo.ChannelDetails,java.lang.reflect.Method)]]>
              </value>
            </param>
          </params>
          <reporter-output>
          </reporter-output>
        </test-method> <!-- createSlackChannelTest -->
        <test-method signature="leaveSlackChannelTest()[pri:0, instance:test.SlackChannelTest@290d210d]" started-at="2020-04-12T17:09:09Z" name="leaveSlackChannelTest" finished-at="2020-04-12T17:09:10Z" depends-on-methods="test.SlackChannelTest.createSlackChannelTest" duration-ms="613" status="PASS">
          <reporter-output>
          </reporter-output>
        </test-method> <!-- leaveSlackChannelTest -->
        <test-method signature="joinSlackChannelTest()[pri:0, instance:test.SlackChannelTest@290d210d]" started-at="2020-04-12T17:09:10Z" name="joinSlackChannelTest" finished-at="2020-04-12T17:09:11Z" depends-on-methods="test.SlackChannelTest.leaveSlackChannelTest, test.SlackChannelTest.createSlackChannelTest" duration-ms="1634" status="PASS">
          <reporter-output>
          </reporter-output>
        </test-method> <!-- joinSlackChannelTest -->
        <test-method signature="renameSlackChannelTest()[pri:1, instance:test.SlackChannelTest@290d210d]" started-at="2020-04-12T17:09:11Z" name="renameSlackChannelTest" finished-at="2020-04-12T17:09:12Z" depends-on-methods="test.SlackChannelTest.createSlackChannelTest" duration-ms="620" status="PASS">
          <reporter-output>
          </reporter-output>
        </test-method> <!-- renameSlackChannelTest -->
        <test-method signature="archiveSlackChannelTest()[pri:2, instance:test.SlackChannelTest@290d210d]" started-at="2020-04-12T17:09:12Z" name="archiveSlackChannelTest" finished-at="2020-04-12T17:09:13Z" depends-on-methods="test.SlackChannelTest.createSlackChannelTest" duration-ms="623" status="PASS">
          <reporter-output>
          </reporter-output>
        </test-method> <!-- archiveSlackChannelTest -->
        <test-method signature="archiveSlackChannelValidationTest()[pri:0, instance:test.SlackChannelTest@290d210d]" started-at="2020-04-12T17:09:13Z" name="archiveSlackChannelValidationTest" finished-at="2020-04-12T17:09:13Z" depends-on-methods="test.SlackChannelTest.archiveSlackChannelTest" duration-ms="586" status="PASS">
          <reporter-output>
          </reporter-output>
        </test-method> <!-- archiveSlackChannelValidationTest -->
        <test-method signature="listOfSlackChannelsAndValidateRenamedSlackChannelTest()[pri:0, instance:test.SlackChannelTest@290d210d]" started-at="2020-04-12T17:09:13Z" name="listOfSlackChannelsAndValidateRenamedSlackChannelTest" finished-at="2020-04-12T17:09:14Z" depends-on-methods="test.SlackChannelTest.renameSlackChannelTest" duration-ms="627" status="PASS">
          <reporter-output>
          </reporter-output>
        </test-method> <!-- listOfSlackChannelsAndValidateRenamedSlackChannelTest -->
      </class> <!-- test.SlackChannelTest -->
    </test> <!-- slackChannelTest -->
  </suite> <!-- slack Test Suite -->
</testng-results>
