<?xml version="1.0" encoding="UTF-8"?>
<testng-results ignored="0" total="10" passed="10" failed="0" skipped="0">
  <reporter-output>
  </reporter-output>
  <suite started-at="2020-04-12T15:29:10Z" name="slack Test Suite" finished-at="2020-04-12T15:29:21Z" duration-ms="10528">
    <groups>
    </groups>
    <test started-at="2020-04-12T15:29:10Z" name="slackChannelTest" finished-at="2020-04-12T15:29:21Z" duration-ms="10528">
      <class name="test.SlackChannelTest">
        <test-method is-config="true" signature="setUp()[pri:0, instance:test.SlackChannelTest@10db82ae]" started-at="2020-04-12T15:29:10Z" name="setUp" finished-at="2020-04-12T15:29:11Z" duration-ms="714" status="PASS">
          <reporter-output>
          </reporter-output>
        </test-method> <!-- setUp -->
        <test-method signature="createSlackChannelTest(pojos.testdataPojo.ChannelDetails, java.lang.reflect.Method)[pri:0, instance:test.SlackChannelTest@10db82ae]" started-at="2020-04-12T15:29:11Z" name="createSlackChannelTest" data-provider="ChannelTestData" finished-at="2020-04-12T15:29:14Z" duration-ms="2853" status="PASS">
          <params>
            <param index="0">
              <value>
                <![CDATA[pojos.testdataPojo.ChannelDetails@66cd621b]]>
              </value>
            </param>
            <param index="1">
              <value>
                <![CDATA[public void test.SlackChannelTest.createSlackChannelTest(pojos.testdataPojo.ChannelDetails,java.lang.reflect.Method)]]>
              </value>
            </param>
          </params>
          <reporter-output>
          </reporter-output>
        </test-method> <!-- createSlackChannelTest -->
        <test-method signature="createSlackChannelTest(pojos.testdataPojo.ChannelDetails, java.lang.reflect.Method)[pri:0, instance:test.SlackChannelTest@10db82ae]" started-at="2020-04-12T15:29:14Z" name="createSlackChannelTest" data-provider="ChannelTestData" finished-at="2020-04-12T15:29:15Z" duration-ms="1103" status="PASS">
          <params>
            <param index="0">
              <value>
                <![CDATA[pojos.testdataPojo.ChannelDetails@3eb292cd]]>
              </value>
            </param>
            <param index="1">
              <value>
                <![CDATA[public void test.SlackChannelTest.createSlackChannelTest(pojos.testdataPojo.ChannelDetails,java.lang.reflect.Method)]]>
              </value>
            </param>
          </params>
          <reporter-output>
          </reporter-output>
        </test-method> <!-- createSlackChannelTest -->
        <test-method signature="createSlackChannelTest(pojos.testdataPojo.ChannelDetails, java.lang.reflect.Method)[pri:0, instance:test.SlackChannelTest@10db82ae]" started-at="2020-04-12T15:29:15Z" name="createSlackChannelTest" data-provider="ChannelTestData" finished-at="2020-04-12T15:29:15Z" duration-ms="548" status="PASS">
          <params>
            <param index="0">
              <value>
                <![CDATA[pojos.testdataPojo.ChannelDetails@7fd987ef]]>
              </value>
            </param>
            <param index="1">
              <value>
                <![CDATA[public void test.SlackChannelTest.createSlackChannelTest(pojos.testdataPojo.ChannelDetails,java.lang.reflect.Method)]]>
              </value>
            </param>
          </params>
          <reporter-output>
          </reporter-output>
        </test-method> <!-- createSlackChannelTest -->
        <test-method signature="createSlackChannelTest(pojos.testdataPojo.ChannelDetails, java.lang.reflect.Method)[pri:0, instance:test.SlackChannelTest@10db82ae]" started-at="2020-04-12T15:29:15Z" name="createSlackChannelTest" data-provider="ChannelTestData" finished-at="2020-04-12T15:29:16Z" duration-ms="628" status="PASS">
          <params>
            <param index="0">
              <value>
                <![CDATA[pojos.testdataPojo.ChannelDetails@7209ffb5]]>
              </value>
            </param>
            <param index="1">
              <value>
                <![CDATA[public void test.SlackChannelTest.createSlackChannelTest(pojos.testdataPojo.ChannelDetails,java.lang.reflect.Method)]]>
              </value>
            </param>
          </params>
          <reporter-output>
          </reporter-output>
        </test-method> <!-- createSlackChannelTest -->
        <test-method signature="leaveSlackChannelTest()[pri:0, instance:test.SlackChannelTest@10db82ae]" started-at="2020-04-12T15:29:16Z" name="leaveSlackChannelTest" finished-at="2020-04-12T15:29:16Z" depends-on-methods="test.SlackChannelTest.createSlackChannelTest" duration-ms="572" status="PASS">
          <reporter-output>
          </reporter-output>
        </test-method> <!-- leaveSlackChannelTest -->
        <test-method signature="joinSlackChannelTest()[pri:0, instance:test.SlackChannelTest@10db82ae]" started-at="2020-04-12T15:29:16Z" name="joinSlackChannelTest" finished-at="2020-04-12T15:29:18Z" depends-on-methods="test.SlackChannelTest.leaveSlackChannelTest, test.SlackChannelTest.createSlackChannelTest" duration-ms="1547" status="PASS">
          <reporter-output>
          </reporter-output>
        </test-method> <!-- joinSlackChannelTest -->
        <test-method signature="renameSlackChannelTest()[pri:1, instance:test.SlackChannelTest@10db82ae]" started-at="2020-04-12T15:29:18Z" name="renameSlackChannelTest" finished-at="2020-04-12T15:29:19Z" depends-on-methods="test.SlackChannelTest.createSlackChannelTest" duration-ms="666" status="PASS">
          <reporter-output>
          </reporter-output>
        </test-method> <!-- renameSlackChannelTest -->
        <test-method signature="archiveSlackChannelTest()[pri:2, instance:test.SlackChannelTest@10db82ae]" started-at="2020-04-12T15:29:19Z" name="archiveSlackChannelTest" finished-at="2020-04-12T15:29:19Z" depends-on-methods="test.SlackChannelTest.createSlackChannelTest" duration-ms="649" status="PASS">
          <reporter-output>
          </reporter-output>
        </test-method> <!-- archiveSlackChannelTest -->
        <test-method signature="archiveSlackChannelValidationTest()[pri:0, instance:test.SlackChannelTest@10db82ae]" started-at="2020-04-12T15:29:19Z" name="archiveSlackChannelValidationTest" finished-at="2020-04-12T15:29:20Z" depends-on-methods="test.SlackChannelTest.archiveSlackChannelTest" duration-ms="639" status="PASS">
          <reporter-output>
          </reporter-output>
        </test-method> <!-- archiveSlackChannelValidationTest -->
        <test-method signature="listOfSlackChannelsAndValidateRenamedSlackChannelTest()[pri:0, instance:test.SlackChannelTest@10db82ae]" started-at="2020-04-12T15:29:20Z" name="listOfSlackChannelsAndValidateRenamedSlackChannelTest" finished-at="2020-04-12T15:29:21Z" depends-on-methods="test.SlackChannelTest.renameSlackChannelTest" duration-ms="525" status="PASS">
          <reporter-output>
          </reporter-output>
        </test-method> <!-- listOfSlackChannelsAndValidateRenamedSlackChannelTest -->
      </class> <!-- test.SlackChannelTest -->
    </test> <!-- slackChannelTest -->
  </suite> <!-- slack Test Suite -->
</testng-results>
